[fifa19mobile.top/index.html]
[backblue.gif]
[fade.gif]
[index.html]
[fifa19mobile.top/img/favicon-32x32.png]
[fifa19mobile.top/img/manifest.html]
[fifa19mobile.top/img/ms-icon-144x144.html]
[fifa19mobile.top/js/i.imgur.com/JXKVaS1.html]
[fifa19mobile.top/css/fancySelect.css]
[fifa19mobile.top/js/maxcdn.bootstrapcdn.com/font-awesome/4.5.0/css/font-awesome.min.css]
[fifa19mobile.top/css/bootstrap.min.css]
[fifa19mobile.top/css/sweet-alert.css]
[fifa19mobile.top/css/animate.css]
[fifa19mobile.top/css/magnific-popup.css]
[fifa19mobile.top/css/style.css]
[livejs.com/live.js]
[fifa19mobile.top/img/vbucks.png]
[fifa19mobile.top/img/background.png]
[fifa19mobile.top/img/banner2.png]
[fifa19mobile.top/img/banner.png]
[fifa19mobile.top/android.html]
[fifa19mobile.top/img/PC MAC.png]
[fifa19mobile.top/ios.html]
[fifa19mobile.top/img/ios 2.png]
[fifa19mobile.top/js/validator.min.js]
[fifa19mobile.top/js/sweet-alert.min.js]
[fifa19mobile.top/js/jquery.magnific-popup.min.js]
[fifa19mobile.top/js/jquery.parallax-1.1.3.js]
[fifa19mobile.top/index.html]
[fifa19mobile.top/img/manifest.html]
[fifa19mobile.top/img/ms-icon-144x144.html]
[fifa19mobile.top/js/main.js]
[fifa19mobile.top/freehere.pw/wp-content/plugins/pretty-link-pro-1.6.7/pro/css/prlipro-post7bcd7bcd7bcd7bcd7bcd.html]
[fifa19mobile.top/freehere.pw/wp-content/themes/twentyseventeen/style7bcd7bcd7bcd7bcd7bcd.html]
[fifa19mobile.top/freehere.pw/wp-includes/js/jquery/jqueryb8ffb8ffb8ffb8ffb8ff.html]
[fifa19mobile.top/freehere.pw/wp-includes/js/jquery/jquery-migrate.min330a330a330a330a330a.html]
[fifa19mobile.top/freehere.pw/wp-content/themes/twentyseventeen/assets/images/header.html]
[fifa19mobile.top/freehere.pw/wp-content/themes/twentyseventeen/assets/js/skip-link-focus-fix51525152515251525152.html]
[fifa19mobile.top/freehere.pw/wp-content/themes/twentyseventeen/assets/js/global51525152515251525152.html]
[fifa19mobile.top/freehere.pw/wp-content/themes/twentyseventeen/assets/js/jquery.scrollTo431f431f431f431f431f.html]
[fifa19mobile.top/js/i.imgur.com/JXKVaS1.html]
[fifa19mobile.top/css/fancySelect.css]
[fifa19mobile.top/js/maxcdn.bootstrapcdn.com/font-awesome/4.5.0/css/font-awesome.min.css]
[fifa19mobile.top/freehere.pw/wp-includes/js/wp-embed.min7bcd7bcd7bcd7bcd7bcd.html]
[fifa19mobile.top/fonts/glyphicons-halflings-regular.html]
[fifa19mobile.top/fonts/glyphicons-halflings-regulard41dd41dd41dd41dd41dd41dd41d.html]
[fifa19mobile.top/fonts/glyphicons-halflings-regular-2.html]
[fifa19mobile.top/fonts/glyphicons-halflings-regular-3.html]
[fifa19mobile.top/fonts/glyphicons-halflings-regular-4.html]
[fifa19mobile.top/css/bootstrap.min.css]
[fifa19mobile.top/css/sweet-alert.css]
[fifa19mobile.top/css/animate.css]
[fifa19mobile.top/css/magnific-popup.css]
[fifa19mobile.top/fonts/glyphicons-halflings-regular-5.html]
[fifa19mobile.top/fonts/SimLLHP.woff]
[fifa19mobile.top/css/style.css]
[fifa19mobile.top/img/country-selector-bg.jpg]
[fifa19mobile.top/img/favicon.html]
[fifa19mobile.top/Fifa19.apk]
[fifa19mobile.top/android.html]
[fifa19mobile.top/js/ajax.googleapis.com/ajax/libs/jquery/2.1.4/jquery.min.js]
[fifa19mobile.top/ios.html]
[fifa19mobile.top/pagead2.googlesyndication.com/pagead/js/f.html]
[static.mydevil.net/logo5.png]
[static.mydevil.net/grad.png]
[fifa19mobile.top/freehere.pw/wp-content/plugins/pretty-link-pro-1.6.7/pro/css/prlipro-post7bcd7bcd7bcd7bcd7bcd.html]
[fifa19mobile.top/freehere.pw/wp-content/themes/twentyseventeen/style7bcd7bcd7bcd7bcd7bcd.html]
[fifa19mobile.top/freehere.pw/wp-includes/js/jquery/jqueryb8ffb8ffb8ffb8ffb8ff.html]
[fifa19mobile.top/freehere.pw/wp-includes/js/jquery/jquery-migrate.min330a330a330a330a330a.html]
[fifa19mobile.top/freehere.pw/wp-content/themes/twentyseventeen/assets/images/header.html]
[fifa19mobile.top/freehere.pw/wp-content/themes/twentyseventeen/assets/js/skip-link-focus-fix51525152515251525152.html]
[fifa19mobile.top/freehere.pw/wp-content/themes/twentyseventeen/assets/js/global51525152515251525152.html]
[fifa19mobile.top/freehere.pw/wp-content/themes/twentyseventeen/assets/js/jquery.scrollTo431f431f431f431f431f.html]
[fifa19mobile.top/freehere.pw/wp-includes/js/wp-embed.min7bcd7bcd7bcd7bcd7bcd.html]
[fifa19mobile.top/img-sys/css/style.min.html]
[fifa19mobile.top/img-sys/js/respond.min.html]
[fifa19mobile.top/img-sys/js/modernizr-2.6.2.min.html]
[fifa19mobile.top/fonts/glyphicons-halflings-regular.html]
[fifa19mobile.top/fonts/glyphicons-halflings-regulard41dd41dd41dd41dd41dd41dd41d.html]
[fifa19mobile.top/fonts/glyphicons-halflings-regular-2.html]
[fifa19mobile.top/fonts/glyphicons-halflings-regular-3.html]
[fifa19mobile.top/fonts/glyphicons-halflings-regular-4.html]
[fifa19mobile.top/fonts/glyphicons-halflings-regular-5.html]
[fifa19mobile.top/img/favicon.html]
[fifa19mobile.top/img-sys/img/snappy.html]
[fifa19mobile.top/pagead2.googlesyndication.com/pagead/js/f.html]
[fifa19mobile.top/img-sys/css/style.min.html]
[fifa19mobile.top/img-sys/js/respond.min.html]
[fifa19mobile.top/img-sys/js/modernizr-2.6.2.min.html]
[fifa19mobile.top/img-sys/img/snappy.html]
